TEMPLATE
Date: 
Project: 
Due Date: 
Learning Task:
Learning Task Time Estimate: 
LOG TIME: 
PRIORITY:
Scheduled:
COMPLETED DATE:


Date: January 24, 2017
Project: Automate tasks
Due Date: open
Learning Task:
https://app.pluralsight.com/library/courses/python-desktop-application-development/table-of-contents
https://app.pluralsight.com/library/courses/python-desktop-application-development-design-part2/table-of-contents
https://app.pluralsight.com/library/courses/bash-shell-scripting/table-of-contents
Learning Task Time Estimate: 12 hours
LOG TIME: 
Scheduled:
PRIORITY: Low
COMPLETED DATE:


Date: January 24, 2017
Project: FAX API and Web API and Mom's Website
Due Date:  
Learning Task:
https://app.pluralsight.com/library/courses/django-angularjs-web-development/table-of-contents
Learning Task Time Estimate: 8
LOG TIME: 
Scheduled: focus for week ending 1-29 and 2-5
PRIORITY: High
COMPLETED DATE: Feb 12, 2017


Date: January 24, 2017
Project: PyLadies
Due Date: ASAP
Learning Task:
https://app.pluralsight.com/library/courses/react-js-getting-started/table-of-contents
https://app.pluralsight.com/library/courses/react-fundamentals/table-of-contents
Learning Task Time Estimate: 10 hours
LOG TIME: 
PRIORITY:
COMPLETED DATE:


Date: January 25, 2017
Project: SDK Python
Due Date: March 30, 2017
Learning Task: Figure out how to get enviornment up and running so you can fix a simple task like decline to sign
Learning Task Time Estimate: 30 hours
LOG TIME: 
PRIORITY:
COMPLETED DATE:
